Running: fuse.exe -relaunch -intstyle "ise" -incremental -lib "secureip" -o "C:/Users/Asus/Desktop/coord/cordic/test_isim_beh.exe" -prj "C:/Users/Asus/Desktop/coord/cordic/test_beh.prj" "work.test" 
ISim P.20131013 (signature 0x7708f090)
Number of CPUs detected in this system: 4
Turning on mult-threading, number of parallel sub-compilation jobs: 8 
Determining compilation order of HDL files
Parsing VHDL file "C:/Users/Asus/Desktop/coord/cordic/step.vhd" into library work
Parsing VHDL file "C:/Users/Asus/Desktop/coord/cordic/test.vhd" into library work
Starting static elaboration
Completed static elaboration
Compiling package standard
Compiling package std_logic_1164
Compiling package std_logic_arith
Compiling package std_logic_signed
Compiling architecture behavioral of entity step [step_default]
Compiling architecture behavior of entity test
Time Resolution for simulation is 1ps.
Waiting for 1 sub-compilation(s) to finish...
WARNING:Simulator - Unable to copy libPortabilityNOSH.dll to the simulation executable directory: boost::filesystem::copy_file: Системе не удается найти указанный путь, "isim\test_isim_beh.exe.sim\libPortability.dll".
Compiled 7 VHDL Units
Built simulation executable C:/Users/Asus/Desktop/coord/cordic/test_isim_beh.exe
Fuse Memory Usage: 34028 KB
Fuse CPU Usage: 483 ms
